TN:
SF:src\modules\tweets\services\GetUserAverage.ts
FN:8,(anonymous_0)
FN:13,(anonymous_1)
FNF:2
FNH:2
FNDA:3,(anonymous_0)
FNDA:3,(anonymous_1)
DA:14,3
DA:15,1
DA:18,2
DA:20,1
LF:4
LH:4
BRDA:14,0,0,1
BRDA:14,0,1,2
BRF:2
BRH:2
end_of_record
TN:
SF:src\modules\tweets\services\SendTweet.ts
FN:9,(anonymous_0)
FN:14,(anonymous_1)
FNF:2
FNH:2
FNDA:6,(anonymous_0)
FNDA:4,(anonymous_1)
DA:15,4
DA:16,1
DA:19,3
DA:24,1
DA:27,2
DA:33,2
LF:6
LH:6
BRDA:15,0,0,1
BRDA:15,0,1,3
BRDA:15,1,0,4
BRDA:15,1,1,3
BRDA:15,1,2,3
BRDA:19,2,0,1
BRDA:19,2,1,2
BRDA:20,3,0,3
BRDA:20,3,1,2
BRDA:20,3,2,2
BRF:10
BRH:10
end_of_record
